[2021-12-19 01:06:46.930] [error] ReferenceError: mainWindow is not defined
    at App.createWindow (C:\Users\YEOHAN\Desktop\CSSWENG\CSSWENGFinal-Group3\main.js:66:3)
    at App.emit (node:events:394:28)
[2021-12-19 01:16:46.848] [error] TypeError: hbs.registerPartials is not a function
    at Object.<anonymous> (C:\Users\YEOHAN\Desktop\CSSWENG\CSSWENGFinal-Group3\app.js:19:7)
    at Module._compile (node:internal/modules/cjs/loader:1116:14)
    at Object.Module._extensions..js (node:internal/modules/cjs/loader:1169:10)
    at Module.load (node:internal/modules/cjs/loader:988:32)
    at Module._load (node:internal/modules/cjs/loader:829:12)
    at Function.c._load (node:electron/js2c/asar_bundle:5:13331)
    at Module.require (node:internal/modules/cjs/loader:1012:19)
    at require (node:internal/modules/cjs/helpers:94:18)
    at Object.<anonymous> (C:\Users\YEOHAN\Desktop\CSSWENG\CSSWENGFinal-Group3\main.js:38:1)
    at Module._compile (node:internal/modules/cjs/loader:1116:14)
[2021-12-19 01:17:05.984] [error] C:\Users\YEOHAN\Desktop\CSSWENG\CSSWENGFinal-Group3\app.js:13
const hbs = exphbs.create({
      ^

SyntaxError: Identifier 'hbs' has already been declared
    at Object.compileFunction (node:vm:352:18)
    at wrapSafe (node:internal/modules/cjs/loader:1038:15)
    at Module._compile (node:internal/modules/cjs/loader:1072:27)
    at Object.Module._extensions..js (node:internal/modules/cjs/loader:1169:10)
    at Module.load (node:internal/modules/cjs/loader:988:32)
    at Module._load (node:internal/modules/cjs/loader:829:12)
    at Function.c._load (node:electron/js2c/asar_bundle:5:13331)
    at Module.require (node:internal/modules/cjs/loader:1012:19)
    at require (node:internal/modules/cjs/helpers:94:18)
    at Object.<anonymous> (C:\Users\YEOHAN\Desktop\CSSWENG\CSSWENGFinal-Group3\main.js:38:1)
[2021-12-19 01:17:24.478] [error] C:\Users\YEOHAN\Desktop\CSSWENG\CSSWENGFinal-Group3\app.js:13
const hbs = exphbs.create({
      ^

SyntaxError: Identifier 'hbs' has already been declared
    at Object.compileFunction (node:vm:352:18)
    at wrapSafe (node:internal/modules/cjs/loader:1038:15)
    at Module._compile (node:internal/modules/cjs/loader:1072:27)
    at Object.Module._extensions..js (node:internal/modules/cjs/loader:1169:10)
    at Module.load (node:internal/modules/cjs/loader:988:32)
    at Module._load (node:internal/modules/cjs/loader:829:12)
    at Function.c._load (node:electron/js2c/asar_bundle:5:13331)
    at Module.require (node:internal/modules/cjs/loader:1012:19)
    at require (node:internal/modules/cjs/helpers:94:18)
    at Object.<anonymous> (C:\Users\YEOHAN\Desktop\CSSWENG\CSSWENGFinal-Group3\main.js:38:1)
[2021-12-19 01:17:41.566] [error] Error: callback function required
    at Function.engine (C:\Users\YEOHAN\Desktop\CSSWENG\CSSWENGFinal-Group3\node_modules\express\lib\application.js:295:11)
    at Object.<anonymous> (C:\Users\YEOHAN\Desktop\CSSWENG\CSSWENGFinal-Group3\app.js:28:5)
    at Module._compile (node:internal/modules/cjs/loader:1116:14)
    at Object.Module._extensions..js (node:internal/modules/cjs/loader:1169:10)
    at Module.load (node:internal/modules/cjs/loader:988:32)
    at Module._load (node:internal/modules/cjs/loader:829:12)
    at Function.c._load (node:electron/js2c/asar_bundle:5:13331)
    at Module.require (node:internal/modules/cjs/loader:1012:19)
    at require (node:internal/modules/cjs/helpers:94:18)
    at Object.<anonymous> (C:\Users\YEOHAN\Desktop\CSSWENG\CSSWENGFinal-Group3\main.js:38:1)
[2021-12-19 01:19:10.790] [error] Error: callback function required
    at Function.engine (C:\Users\YEOHAN\Desktop\CSSWENG\CSSWENGFinal-Group3\node_modules\express\lib\application.js:295:11)
    at Object.<anonymous> (C:\Users\YEOHAN\Desktop\CSSWENG\CSSWENGFinal-Group3\app.js:29:5)
    at Module._compile (node:internal/modules/cjs/loader:1116:14)
    at Object.Module._extensions..js (node:internal/modules/cjs/loader:1169:10)
    at Module.load (node:internal/modules/cjs/loader:988:32)
    at Module._load (node:internal/modules/cjs/loader:829:12)
    at Function.c._load (node:electron/js2c/asar_bundle:5:13331)
    at Module.require (node:internal/modules/cjs/loader:1012:19)
    at require (node:internal/modules/cjs/helpers:94:18)
    at Object.<anonymous> (C:\Users\YEOHAN\Desktop\CSSWENG\CSSWENGFinal-Group3\main.js:38:1)
[2021-12-19 01:27:50.229] [error] ReferenceError: path is not defined
    at Object.<anonymous> (C:\Users\YEOHAN\Desktop\CSSWENG\CSSWENGFinal-Group3\routes\routes.js:8:18)
    at Module._compile (node:internal/modules/cjs/loader:1116:14)
    at Object.Module._extensions..js (node:internal/modules/cjs/loader:1169:10)
    at Module.load (node:internal/modules/cjs/loader:988:32)
    at Module._load (node:internal/modules/cjs/loader:829:12)
    at Function.c._load (node:electron/js2c/asar_bundle:5:13331)
    at Module.require (node:internal/modules/cjs/loader:1012:19)
    at require (node:internal/modules/cjs/helpers:94:18)
    at Object.<anonymous> (C:\Users\YEOHAN\Desktop\CSSWENG\CSSWENGFinal-Group3\app.js:9:16)
    at Module._compile (node:internal/modules/cjs/loader:1116:14)
